<?xml version="1.0" encoding="UTF-8"?>
<!-- Generated by org.testng.reporters.JUnitReportReporter -->
<testsuite skipped="0" hostname="A-S2-041-LAXMI" name="com.amz.qa.testcases.HealthScreeningPageTest" tests="2" failures="0" timestamp="02 Dec 2021 08:31:09 GMT" time="37.590" errors="0">
  <testcase name="verifyHealthScreeningPageTitleTest" time="11.293" classname="com.amz.qa.testcases.HealthScreeningPageTest"/>
  <testcase name="verifyGenderTest" time="26.297" classname="com.amz.qa.testcases.HealthScreeningPageTest"/>
</testsuite> <!-- com.amz.qa.testcases.HealthScreeningPageTest -->
