<?xml version="1.0" encoding="UTF-8"?>
<!-- Generated by org.testng.reporters.JUnitReportReporter -->
<testsuite skipped="0" hostname="A-S2-041-LAXMI" name="com.anahat.qa.testcases.HealthScreeningPageTest" tests="2" failures="0" timestamp="03 Dec 2021 11:18:19 GMT" time="41.939" errors="0">
  <testcase name="verifyHealthScreeningPageTitleTest" time="13.159" classname="com.anahat.qa.testcases.HealthScreeningPageTest"/>
  <testcase name="verifyGenderTest" time="28.780" classname="com.anahat.qa.testcases.HealthScreeningPageTest"/>
</testsuite> <!-- com.anahat.qa.testcases.HealthScreeningPageTest -->
