<?xml version="1.0" encoding="UTF-8"?>
<!-- Generated by org.testng.reporters.JUnitReportReporter -->
<testsuite skipped="0" hostname="A-S2-041-LAXMI" name="com.anahat.qa.testcases.LoginPageTest" tests="3" failures="0" timestamp="03 Dec 2021 11:18:19 GMT" time="21.647" errors="0">
  <testcase name="loginPageTitle" time="6.964" classname="com.anahat.qa.testcases.LoginPageTest"/>
  <testcase name="anahatLogoImageTest" time="5.528" classname="com.anahat.qa.testcases.LoginPageTest"/>
  <testcase name="loginTest" time="9.155" classname="com.anahat.qa.testcases.LoginPageTest"/>
</testsuite> <!-- com.anahat.qa.testcases.LoginPageTest -->
