<?xml version="1.0" encoding="UTF-8"?>
<!-- Generated by org.testng.reporters.JUnitReportReporter -->
<testsuite skipped="0" hostname="A-S2-041-LAXMI" name="com.amz.qa.testcases.HomePageTest" tests="8" failures="0" timestamp="02 Dec 2021 07:04:03 GMT" time="68.262" errors="0">
  <testcase name="verifyHomePageTitleTest" time="8.292" classname="com.amz.qa.testcases.HomePageTest"/>
  <testcase name="verifyLoginUserTest" time="8.186" classname="com.amz.qa.testcases.HomePageTest"/>
  <testcase name="verifyHealthScreeningLinkTest" time="8.811" classname="com.amz.qa.testcases.HomePageTest"/>
  <testcase name="verifyAdaultLinkTest" time="8.651" classname="com.amz.qa.testcases.HomePageTest"/>
  <testcase name="verifyAdminPanelLinkLinkTest" time="8.117" classname="com.amz.qa.testcases.HomePageTest"/>
  <testcase name="verifyBbmpDashLinkTest" time="9.026" classname="com.amz.qa.testcases.HomePageTest"/>
  <testcase name="verifyBbmpDiseaseProfileLinkTest" time="9.570" classname="com.amz.qa.testcases.HomePageTest"/>
  <testcase name="verifyChildrenLinkTest" time="7.609" classname="com.amz.qa.testcases.HomePageTest"/>
</testsuite> <!-- com.amz.qa.testcases.HomePageTest -->
