<?xml version="1.0" encoding="UTF-8"?>
<!-- Generated by org.testng.reporters.JUnitReportReporter -->
<testsuite skipped="0" hostname="A-S2-041-LAXMI" name="com.amz.qa.testcases.LoginPageTest" tests="3" failures="0" timestamp="02 Dec 2021 11:12:20 GMT" time="16.590" errors="0">
  <testcase name="loginPageTitle" time="5.457" classname="com.amz.qa.testcases.LoginPageTest"/>
  <testcase name="anahatLogoImageTest" time="3.700" classname="com.amz.qa.testcases.LoginPageTest"/>
  <testcase name="loginTest" time="7.433" classname="com.amz.qa.testcases.LoginPageTest"/>
</testsuite> <!-- com.amz.qa.testcases.LoginPageTest -->
