<?xml version="1.0" encoding="UTF-8"?>
<!-- Generated by org.testng.reporters.JUnitReportReporter -->
<testsuite skipped="0" hostname="A-S2-041-LAXMI" name="com.anahat.qa.testcases.HomePageTest" tests="8" failures="0" timestamp="03 Dec 2021 11:18:19 GMT" time="90.748" errors="0">
  <testcase name="verifyHealthScreeningLinkTest" time="11.967" classname="com.anahat.qa.testcases.HomePageTest"/>
  <testcase name="verifyHomePageTitleTest" time="10.338" classname="com.anahat.qa.testcases.HomePageTest"/>
  <testcase name="verifyLoginUserTest" time="9.903" classname="com.anahat.qa.testcases.HomePageTest"/>
  <testcase name="verifyAdaultLinkTest" time="11.190" classname="com.anahat.qa.testcases.HomePageTest"/>
  <testcase name="verifyAdminPanelLinkLinkTest" time="11.320" classname="com.anahat.qa.testcases.HomePageTest"/>
  <testcase name="verifyBbmpDashLinkTest" time="11.780" classname="com.anahat.qa.testcases.HomePageTest"/>
  <testcase name="verifyBbmpDiseaseProfileLinkTest" time="12.018" classname="com.anahat.qa.testcases.HomePageTest"/>
  <testcase name="verifyChildrenLinkTest" time="12.232" classname="com.anahat.qa.testcases.HomePageTest"/>
</testsuite> <!-- com.anahat.qa.testcases.HomePageTest -->
