<?xml version="1.0" encoding="UTF-8"?>
<!-- Generated by org.testng.reporters.JUnitReportReporter -->
<testsuite skipped="0" hostname="A-S2-041-LAXMI" name="com.amz.qa.testcases.DemographicPageTest" tests="1" failures="0" timestamp="02 Dec 2021 10:12:54 GMT" time="38.278" errors="0">
  <testcase name="verifyDemographicDeatilesTest" time="38.278" classname="com.amz.qa.testcases.DemographicPageTest"/>
</testsuite> <!-- com.amz.qa.testcases.DemographicPageTest -->
