<?xml version="1.0" encoding="UTF-8"?>
<!-- Generated by org.testng.reporters.JUnitReportReporter -->
<testsuite skipped="0" hostname="A-S2-041-LAXMI" name="com.anahat.qa.testcases.ReportPageTest" tests="5" failures="0" timestamp="03 Dec 2021 11:18:19 GMT" time="172.041" errors="0">
  <testcase name="verifyReportPageTitleTest" time="30.007" classname="com.anahat.qa.testcases.ReportPageTest"/>
  <testcase name="VitalReportTest" time="36.025" classname="com.anahat.qa.testcases.ReportPageTest"/>
  <testcase name="VitalReportTest" time="35.984" classname="com.anahat.qa.testcases.ReportPageTest"/>
  <testcase name="VitalReportTest" time="35.858" classname="com.anahat.qa.testcases.ReportPageTest"/>
  <testcase name="DiagnosisReportTest" time="34.167" classname="com.anahat.qa.testcases.ReportPageTest"/>
</testsuite> <!-- com.anahat.qa.testcases.ReportPageTest -->
