<?xml version="1.0" encoding="UTF-8"?>
<!-- Generated by org.testng.reporters.JUnitReportReporter -->
<testsuite skipped="0" hostname="A-S2-041-LAXMI" name="com.anahat.qa.testcases.DemographicPageTest" tests="3" failures="0" timestamp="03 Dec 2021 11:18:19 GMT" time="98.404" errors="0">
  <testcase name="verifyDemographicPageTitleTest" time="28.813" classname="com.anahat.qa.testcases.DemographicPageTest"/>
  <testcase name="verifyDemographicDeatilesTest" time="35.013" classname="com.anahat.qa.testcases.DemographicPageTest"/>
  <testcase name="verifyDemographicDeatilesTest" time="34.578" classname="com.anahat.qa.testcases.DemographicPageTest"/>
</testsuite> <!-- com.anahat.qa.testcases.DemographicPageTest -->
