<?xml version="1.0" encoding="UTF-8"?>
<!-- Generated by org.testng.reporters.JUnitReportReporter -->
<testsuite skipped="0" hostname="A-S2-041-LAXMI" name="com.amz.qa.testcases.ReportPageTest" tests="3" failures="0" timestamp="02 Dec 2021 11:03:56 GMT" time="116.095" errors="0">
  <testcase name="verifyReportPageTitleTest" time="36.918" classname="com.amz.qa.testcases.ReportPageTest"/>
  <testcase name="VitalReportTest" time="35.358" classname="com.amz.qa.testcases.ReportPageTest"/>
  <testcase name="DiagnosisReportTest" time="43.819" classname="com.amz.qa.testcases.ReportPageTest"/>
</testsuite> <!-- com.amz.qa.testcases.ReportPageTest -->
